<?xml version="1.0" encoding="UTF-8"?>
<!-- Generated by org.testng.reporters.JUnitReportReporter -->
<testsuite hostname="DESKTOP-URDLST5" failures="0" tests="12" name="TestCases.CompletePageTest" time="104.995" errors="0" timestamp="2022-10-23T16:03:02 IST" skipped="0">
  <testcase classname="TestCases.CompletePageTest" name="verifyAllItemTextTest" time="10.375"/>
  <system-out/>
  <testcase classname="TestCases.CompletePageTest" name="verifyThankYouTextTest" time="7.715"/>
  <system-out/>
  <testcase classname="TestCases.CompletePageTest" name="verifyBackHomeEnableTest" time="7.866"/>
  <system-out/>
  <testcase classname="TestCases.CompletePageTest" name="verifyAppLogoTest" time="7.290"/>
  <system-out/>
  <testcase classname="TestCases.CompletePageTest" name="verifyResetAppTextTest" time="8.862"/>
  <system-out/>
  <testcase classname="TestCases.CompletePageTest" name="verifyAboutTextTest" time="13.280"/>
  <system-out/>
  <testcase classname="TestCases.CompletePageTest" name="verifyCheckoutTextTest" time="8.118"/>
  <system-out/>
  <testcase classname="TestCases.CompletePageTest" name="verifyPonyLogoTest" time="8.325"/>
  <system-out/>
  <testcase classname="TestCases.CompletePageTest" name="verifyLogoutTextTest" time="9.161"/>
  <system-out/>
  <testcase classname="TestCases.CompletePageTest" name="verifyBackHomeBtnTest" time="8.196"/>
  <system-out/>
  <testcase classname="TestCases.CompletePageTest" name="verifyDispatchTextTest" time="7.600"/>
  <system-out/>
  <testcase classname="TestCases.CompletePageTest" name="verifyMenuBtnTest" time="8.207"/>
  <system-out/>
</testsuite> <!-- TestCases.CompletePageTest -->
