<?xml version="1.0" encoding="UTF-8"?>
<!-- Generated by org.testng.reporters.JUnitReportReporter -->
<testsuite hostname="DESKTOP-URDLST5" failures="0" tests="7" name="TestCases.CartPageTest" time="87.572" errors="0" timestamp="2022-10-23T16:03:02 IST" skipped="0">
  <testcase classname="TestCases.CartPageTest" name="descriLabel1Test" time="12.892"/>
  <system-out/>
  <testcase classname="TestCases.CartPageTest" name="appLogo1Test" time="23.916"/>
  <system-out/>
  <testcase classname="TestCases.CartPageTest" name="qtyLabel1Test" time="8.886"/>
  <system-out/>
  <testcase classname="TestCases.CartPageTest" name="checkoutButtonTest" time="11.778"/>
  <system-out/>
  <testcase classname="TestCases.CartPageTest" name="continueShoppingLabelTest" time="11.276"/>
  <system-out/>
  <testcase classname="TestCases.CartPageTest" name="checkoutLabelTest" time="9.782"/>
  <system-out/>
  <testcase classname="TestCases.CartPageTest" name="yourCartTest" time="9.042"/>
  <system-out/>
</testsuite> <!-- TestCases.CartPageTest -->
