<?xml version="1.0" encoding="UTF-8"?>
<!-- Generated by org.testng.reporters.JUnitReportReporter -->
<testsuite hostname="DESKTOP-URDLST5" failures="0" tests="5" name="TestCases.InventoryPageTest" time="35.503" errors="0" timestamp="2022-10-23T16:03:02 IST" skipped="0">
  <testcase classname="TestCases.InventoryPageTest" name="verifyBigLogoTest" time="5.485"/>
  <system-out/>
  <testcase classname="TestCases.InventoryPageTest" name="add6ProductTest" time="7.899"/>
  <system-out/>
  <testcase classname="TestCases.InventoryPageTest" name="verifySmallLogo1Test" time="6.110"/>
  <system-out/>
  <testcase classname="TestCases.InventoryPageTest" name="cartPageClickTest" time="7.418"/>
  <system-out/>
  <testcase classname="TestCases.InventoryPageTest" name="remove2ProductTest" time="8.591"/>
  <system-out/>
</testsuite> <!-- TestCases.InventoryPageTest -->
