<?xml version="1.0" encoding="UTF-8"?>
<!-- Generated by org.testng.reporters.JUnitReportReporter -->
<testsuite hostname="DESKTOP-URDLST5" failures="0" tests="3" name="TestCases.GroupTest" time="54.058" errors="0" timestamp="2022-10-31T17:56:37 IST" skipped="0">
  <testcase classname="TestCases.GroupTest" name="loginToApp1Test" time="16.570"/>
  <system-out/>
  <testcase classname="TestCases.GroupTest" name="verifyBotLogoTest" time="8.608"/>
  <system-out/>
  <testcase classname="TestCases.GroupTest" name="verifyUrlTest" time="28.880"/>
  <system-out/>
</testsuite> <!-- TestCases.GroupTest -->
