<?xml version="1.0" encoding="UTF-8"?>
<!-- Generated by org.testng.reporters.JUnitReportReporter -->
<testsuite hostname="DESKTOP-URDLST5" failures="0" tests="6" name="TestCases.YourInfoPageTest" time="71.875" errors="0" timestamp="2022-10-23T16:03:02 IST" skipped="0">
  <testcase classname="TestCases.YourInfoPageTest" name="cancelbtnTest" time="12.735"/>
  <system-out/>
  <testcase classname="TestCases.YourInfoPageTest" name="continueBtnTest" time="11.851"/>
  <system-out/>
  <testcase classname="TestCases.YourInfoPageTest" name="verifyUserInfoTest" time="11.753"/>
  <system-out/>
  <testcase classname="TestCases.YourInfoPageTest" name="checkoutLabelTest" time="13.033"/>
  <system-out/>
  <testcase classname="TestCases.YourInfoPageTest" name="menuBtnTest" time="7.303"/>
  <system-out/>
  <testcase classname="TestCases.YourInfoPageTest" name="crossBtnTest" time="15.200"/>
  <system-out/>
</testsuite> <!-- TestCases.YourInfoPageTest -->
